[INFO][auth.go:52]2023/02/02 10:51:41 [Username.Required. Username Can not be empty]
[INFO][auth.go:52]2023/02/02 10:51:41 [Password.Required. Password Can not be empty]
[INFO][main.go:43]2023/02/02 10:56:03 [Shutdown Server ...]
[INFO][main.go:49]2023/02/02 10:56:03 [Server exiting]
[INFO][request.go:10]2023/02/02 10:58:15 [TagID.Required. TagID Can not be empty]
[INFO][request.go:10]2023/02/02 10:58:15 [TagID.Min. TagID Minimum is 1]
[INFO][request.go:10]2023/02/02 10:58:15 [Title.Required. Title Can not be empty]
[INFO][request.go:10]2023/02/02 10:58:15 [Desc.Required. Desc Can not be empty]
[INFO][request.go:10]2023/02/02 10:58:15 [Content.Required. Content Can not be empty]
[INFO][request.go:10]2023/02/02 10:58:15 [CreatedBy.Required. CreatedBy Can not be empty]
[INFO][request.go:10]2023/02/02 10:58:15 [CoverImageUrl.Required. CoverImageUrl Can not be empty]
[INFO][request.go:10]2023/02/02 10:58:46 [Title.Required. Title Can not be empty]
[INFO][request.go:10]2023/02/02 10:58:46 [Desc.Required. Desc Can not be empty]
[INFO][request.go:10]2023/02/02 10:58:46 [Content.Required. Content Can not be empty]
[INFO][request.go:10]2023/02/02 10:58:46 [CreatedBy.Required. CreatedBy Can not be empty]
[INFO][request.go:10]2023/02/02 10:58:46 [CoverImageUrl.Required. CoverImageUrl Can not be empty]
[INFO][request.go:10]2023/02/02 10:59:33 [Title.Required. Title Can not be empty]
[INFO][request.go:10]2023/02/02 10:59:33 [Desc.Required. Desc Can not be empty]
[INFO][request.go:10]2023/02/02 10:59:33 [Content.Required. Content Can not be empty]
[INFO][request.go:10]2023/02/02 10:59:33 [CreatedBy.Required. CreatedBy Can not be empty]
[INFO][request.go:10]2023/02/02 10:59:33 [CoverImageUrl.Required. CoverImageUrl Can not be empty]
[INFO][request.go:10]2023/02/02 10:59:41 [Title.Required. Title Can not be empty]
[INFO][request.go:10]2023/02/02 10:59:41 [Desc.Required. Desc Can not be empty]
[INFO][request.go:10]2023/02/02 10:59:41 [Content.Required. Content Can not be empty]
[INFO][request.go:10]2023/02/02 10:59:41 [CreatedBy.Required. CreatedBy Can not be empty]
[INFO][request.go:10]2023/02/02 10:59:41 [CoverImageUrl.Required. CoverImageUrl Can not be empty]
[INFO][request.go:10]2023/02/02 10:59:53 [Title.Required. Title Can not be empty]
[INFO][request.go:10]2023/02/02 10:59:53 [Desc.Required. Desc Can not be empty]
[INFO][request.go:10]2023/02/02 10:59:53 [Content.Required. Content Can not be empty]
[INFO][request.go:10]2023/02/02 10:59:53 [CreatedBy.Required. CreatedBy Can not be empty]
[INFO][request.go:10]2023/02/02 10:59:53 [CoverImageUrl.Required. CoverImageUrl Can not be empty]
[INFO][request.go:10]2023/02/02 11:00:47 [Title.Required. Title Can not be empty]
[INFO][request.go:10]2023/02/02 11:00:47 [Desc.Required. Desc Can not be empty]
[INFO][request.go:10]2023/02/02 11:00:47 [Content.Required. Content Can not be empty]
[INFO][request.go:10]2023/02/02 11:00:47 [CreatedBy.Required. CreatedBy Can not be empty]
[INFO][request.go:10]2023/02/02 11:00:47 [CoverImageUrl.Required. CoverImageUrl Can not be empty]
[INFO][request.go:10]2023/02/02 11:01:00 [Title.Required. Title Can not be empty]
[INFO][request.go:10]2023/02/02 11:01:00 [Desc.Required. Desc Can not be empty]
[INFO][request.go:10]2023/02/02 11:01:00 [Content.Required. Content Can not be empty]
[INFO][request.go:10]2023/02/02 11:01:00 [CreatedBy.Required. CreatedBy Can not be empty]
[INFO][request.go:10]2023/02/02 11:01:00 [CoverImageUrl.Required. CoverImageUrl Can not be empty]
[INFO][main.go:43]2023/02/02 11:08:16 [Shutdown Server ...]
[INFO][main.go:49]2023/02/02 11:08:16 [Server exiting]
